Using pre-set license
Built from '2022.3/release' branch; Version is '2022.3.5f1 (9674261d40ee) revision 9860134'; Using compiler version '192829333'; Build Type 'Release'
OS: 'Windows 11  (10.0.22621) 64bit Core' Language: 'ko' Physical Memory: 16202 MB
BatchMode: 1, IsHumanControllingUs: 0, StartBugReporterOnCrash: 0, Is64bit: 1, IsPro: 1

COMMAND LINE ARGUMENTS:
C:\Program Files\Unity\Hub\Editor\2022.3.5f1\Editor\Unity.exe
-adb2
-batchMode
-noUpm
-name
AssetImportWorker2
-projectPath
C:/Users/MSI/Desktop/POSTECH/MadCamp/MadDefense/MadDefense
-logFile
Logs/AssetImportWorker2.log
-srvPort
13160
Successfully changed project path to: C:/Users/MSI/Desktop/POSTECH/MadCamp/MadDefense/MadDefense
C:/Users/MSI/Desktop/POSTECH/MadCamp/MadDefense/MadDefense
[UnityMemory] Configuration Parameters - Can be set up in boot.config
    "memorysetup-bucket-allocator-granularity=16"
    "memorysetup-bucket-allocator-bucket-count=8"
    "memorysetup-bucket-allocator-block-size=33554432"
    "memorysetup-bucket-allocator-block-count=8"
    "memorysetup-main-allocator-block-size=16777216"
    "memorysetup-thread-allocator-block-size=16777216"
    "memorysetup-gfx-main-allocator-block-size=16777216"
    "memorysetup-gfx-thread-allocator-block-size=16777216"
    "memorysetup-cache-allocator-block-size=4194304"
    "memorysetup-typetree-allocator-block-size=2097152"
    "memorysetup-profiler-bucket-allocator-granularity=16"
    "memorysetup-profiler-bucket-allocator-bucket-count=8"
    "memorysetup-profiler-bucket-allocator-block-size=33554432"
    "memorysetup-profiler-bucket-allocator-block-count=8"
    "memorysetup-profiler-allocator-block-size=16777216"
    "memorysetup-profiler-editor-allocator-block-size=1048576"
    "memorysetup-temp-allocator-size-main=16777216"
    "memorysetup-job-temp-allocator-block-size=2097152"
    "memorysetup-job-temp-allocator-block-size-background=1048576"
    "memorysetup-job-temp-allocator-reduction-small-platforms=262144"
    "memorysetup-allocator-temp-initial-block-size-main=262144"
    "memorysetup-allocator-temp-initial-block-size-worker=262144"
    "memorysetup-temp-allocator-size-background-worker=32768"
    "memorysetup-temp-allocator-size-job-worker=262144"
    "memorysetup-temp-allocator-size-preload-manager=33554432"
    "memorysetup-temp-allocator-size-nav-mesh-worker=65536"
    "memorysetup-temp-allocator-size-audio-worker=65536"
    "memorysetup-temp-allocator-size-cloud-worker=32768"
    "memorysetup-temp-allocator-size-gi-baking-worker=262144"
    "memorysetup-temp-allocator-size-gfx=262144"
Player connection [14276] Host "[IP] 192.168.56.1 [Port] 0 [Flags] 2 [Guid] 3506234949 [EditorId] 3506234949 [Version] 1048832 [Id] WindowsEditor(7,DESKTOP-KPVDE0T) [Debug] 1 [PackageName] WindowsEditor [ProjectName] Editor" joined multi-casting on [225.0.0.222:54997]...

Player connection [14276] Host "[IP] 192.168.56.1 [Port] 0 [Flags] 2 [Guid] 3506234949 [EditorId] 3506234949 [Version] 1048832 [Id] WindowsEditor(7,DESKTOP-KPVDE0T) [Debug] 1 [PackageName] WindowsEditor [ProjectName] Editor" joined alternative multi-casting on [225.0.0.222:34997]...

Refreshing native plugins compatible for Editor in 70.21 ms, found 4 plugins.
Preloading 0 native plugins for Editor in 0.00 ms.
Initialize engine version: 2022.3.5f1 (9674261d40ee)
[Subsystems] Discovering subsystems at path C:/Program Files/Unity/Hub/Editor/2022.3.5f1/Editor/Data/Resources/UnitySubsystems
[Subsystems] Discovering subsystems at path C:/Users/MSI/Desktop/POSTECH/MadCamp/MadDefense/MadDefense/Assets
GfxDevice: creating device client; threaded=0; jobified=0
Direct3D:
    Version:  Direct3D 11.0 [level 11.1]
    Renderer: NVIDIA GeForce GTX 1650 Ti with Max-Q Design (ID=0x1f95)
    Vendor:   NVIDIA
    VRAM:     3949 MB
    Driver:   31.0.15.3640
Initialize mono
Mono path[0] = 'C:/Program Files/Unity/Hub/Editor/2022.3.5f1/Editor/Data/Managed'
Mono path[1] = 'C:/Program Files/Unity/Hub/Editor/2022.3.5f1/Editor/Data/MonoBleedingEdge/lib/mono/unityjit-win32'
Mono config path = 'C:/Program Files/Unity/Hub/Editor/2022.3.5f1/Editor/Data/MonoBleedingEdge/etc'
Using monoOptions --debugger-agent=transport=dt_socket,embedding=1,server=y,suspend=n,address=127.0.0.1:56176
Begin MonoManager ReloadAssembly
Registering precompiled unity dll's ...
Register platform support module: C:/Program Files/Unity/Hub/Editor/2022.3.5f1/Editor/Data/PlaybackEngines/AndroidPlayer/UnityEditor.Android.Extensions.dll
Register platform support module: C:/Program Files/Unity/Hub/Editor/2022.3.5f1/Editor/Data/PlaybackEngines/WindowsStandaloneSupport/UnityEditor.WindowsStandalone.Extensions.dll
Registered in 0.035948 seconds.
- Loaded All Assemblies, in  0.727 seconds
Native extension for WindowsStandalone target not found
Native extension for Android target not found
Android Extension - Scanning For ADB Devices 541 ms
Mono: successfully reloaded assembly
- Finished resetting the current domain, in  1.028 seconds
Domain Reload Profiling: 1745ms
	BeginReloadAssembly (256ms)
		ExecutionOrderSort (0ms)
		DisableScriptedObjects (0ms)
		BackupInstance (0ms)
		ReleaseScriptingObjects (0ms)
		CreateAndSetChildDomain (1ms)
	RebuildCommonClasses (52ms)
	RebuildNativeTypeToScriptingClass (16ms)
	initialDomainReloadingComplete (131ms)
	LoadAllAssembliesAndSetupDomain (263ms)
		LoadAssemblies (236ms)
		RebuildTransferFunctionScriptingTraits (0ms)
		AnalyzeDomain (239ms)
			TypeCache.Refresh (238ms)
				TypeCache.ScanAssembly (221ms)
			ScanForSourceGeneratedMonoScriptInfo (0ms)
			ResolveRequiredComponents (1ms)
	FinalizeReload (1028ms)
		ReleaseScriptCaches (0ms)
		RebuildScriptCaches (0ms)
		SetupLoadedEditorAssemblies (943ms)
			LogAssemblyErrors (0ms)
			InitializePlatformSupportModulesInManaged (715ms)
			SetLoadedEditorAssemblies (6ms)
			RefreshPlugins (0ms)
			BeforeProcessingInitializeOnLoad (4ms)
			ProcessInitializeOnLoadAttributes (156ms)
			ProcessInitializeOnLoadMethodAttributes (62ms)
			AfterProcessingInitializeOnLoad (0ms)
			EditorAssembliesLoaded (0ms)
		ExecutionOrderSort2 (0ms)
		AwakeInstancesAfterBackupRestoration (0ms)
========================================================================
Worker process is ready to serve import requests
Begin MonoManager ReloadAssembly
Duplicate assembly 'websocket-sharp.dll' with different versions detected, using 'Assets/Sunnyland/artwork/Plugins/websocket-sharp.dll, AssemblyName=websocket-sharp, Version=1.0.2.34750, Culture=neutral, PublicKeyToken=5660b08a1845a91e' and ignoring 'Assets/Photon/PhotonLibs/WebSocket/websocket-sharp.dll, AssemblyName=websocket-sharp, Version=1.0.2.0, Culture=neutral, PublicKeyToken=5660b08a1845a91e'.Symbol file LoadedFromMemory doesn't match image C:\Users\MSI\Desktop\POSTECH\MadCamp\MadDefense\MadDefense\Library\PackageCache\com.unity.visualscripting@1.8.0\Editor\VisualScripting.Core\Dependencies\YamlDotNet\Unity.VisualScripting.YamlDotNet.dll
Symbol file LoadedFromMemory doesn't match image C:\Users\MSI\Desktop\POSTECH\MadCamp\MadDefense\MadDefense\Library\PackageCache\com.unity.visualscripting@1.8.0\Editor\VisualScripting.Core\Dependencies\DotNetZip\Unity.VisualScripting.IonicZip.dll
- Loaded All Assemblies, in  1.659 seconds
Refreshing native plugins compatible for Editor in 21.53 ms, found 4 plugins.
Native extension for WindowsStandalone target not found
Native extension for Android target not found
DisplayProgressbar: Restoring NuGet Packages
Duplicate assembly 'websocket-sharp.dll' with different versions detected, using 'Assets/Sunnyland/artwork/Plugins/websocket-sharp.dll, AssemblyName=websocket-sharp, Version=1.0.2.34750, Culture=neutral, PublicKeyToken=5660b08a1845a91e' and ignoring 'Assets/Photon/PhotonLibs/WebSocket/websocket-sharp.dll, AssemblyName=websocket-sharp, Version=1.0.2.0, Culture=neutral, PublicKeyToken=5660b08a1845a91e'.Duplicate assembly 'websocket-sharp.dll' with different versions detected, using 'Assets/Sunnyland/artwork/Plugins/websocket-sharp.dll, AssemblyName=websocket-sharp, Version=1.0.2.34750, Culture=neutral, PublicKeyToken=5660b08a1845a91e' and ignoring 'Assets/Photon/PhotonLibs/WebSocket/websocket-sharp.dll, AssemblyName=websocket-sharp, Version=1.0.2.0, Culture=neutral, PublicKeyToken=5660b08a1845a91e'.Mono: successfully reloaded assembly
- Finished resetting the current domain, in  1.558 seconds
Domain Reload Profiling: 3196ms
	BeginReloadAssembly (290ms)
		ExecutionOrderSort (0ms)
		DisableScriptedObjects (8ms)
		BackupInstance (0ms)
		ReleaseScriptingObjects (0ms)
		CreateAndSetChildDomain (29ms)
	RebuildCommonClasses (60ms)
	RebuildNativeTypeToScriptingClass (16ms)
	initialDomainReloadingComplete (89ms)
	LoadAllAssembliesAndSetupDomain (1183ms)
		LoadAssemblies (851ms)
		RebuildTransferFunctionScriptingTraits (0ms)
		AnalyzeDomain (494ms)
			TypeCache.Refresh (454ms)
				TypeCache.ScanAssembly (428ms)
			ScanForSourceGeneratedMonoScriptInfo (32ms)
			ResolveRequiredComponents (8ms)
	FinalizeReload (1558ms)
		ReleaseScriptCaches (0ms)
		RebuildScriptCaches (0ms)
		SetupLoadedEditorAssemblies (1289ms)
			LogAssemblyErrors (0ms)
			InitializePlatformSupportModulesInManaged (44ms)
			SetLoadedEditorAssemblies (9ms)
			RefreshPlugins (0ms)
			BeforeProcessingInitializeOnLoad (277ms)
			ProcessInitializeOnLoadAttributes (875ms)
			ProcessInitializeOnLoadMethodAttributes (56ms)
			AfterProcessingInitializeOnLoad (28ms)
			EditorAssembliesLoaded (0ms)
		ExecutionOrderSort2 (0ms)
		AwakeInstancesAfterBackupRestoration (10ms)
Launched and connected shader compiler UnityShaderCompiler.exe after 0.10 seconds
Refreshing native plugins compatible for Editor in 36.97 ms, found 4 plugins.
Preloading 0 native plugins for Editor in 0.00 ms.
Unloading 4137 Unused Serialized files (Serialized files now loaded: 0)
Unloading 79 unused Assets / (203.6 KB). Loaded Objects now: 4592.
Memory consumption went from 152.2 MB to 152.0 MB.
Total: 8.149000 ms (FindLiveObjects: 0.526700 ms CreateObjectMapping: 0.659600 ms MarkObjects: 6.583000 ms  DeleteObjects: 0.377900 ms)

AssetImportParameters requested are different than current active one (requested -> active):
  custom:container-demuxer-ogg: 62fdf1f143b41e24485cea50d1cbac27 -> 
  custom:video-decoder-ogg-theora: a1e56fd34408186e4bbccfd4996cb3dc -> 
  custom:framework-win-MediaFoundation: 216162199b28c13a410421893ffa2e32 -> 
  custom:container-demuxer-webm: 4f35f7cbe854078d1ac9338744f61a02 -> 
  custom:container-muxer-webm: aa71ff27fc2769a1b78a27578f13a17b -> 
  custom:video-decoder-webm-vp8: 9c59270c3fd7afecdb556c50c9e8de78 -> 
  custom:AudioImporter_EditorPlatform: d09bf68614088b80899f8185d706f6e7 -> 
  custom:video-encoder-webm-vp8: eb34c28f22e8b96e1ab97ce403110664 -> 
  custom:audio-decoder-ogg-vorbis: bf7c407c2cedff20999df2af8eb42d56 -> 
  custom:audio-encoder-webm-vorbis: bf7c407c2cedff20999df2af8eb42d56 -> 
========================================================================
Received Import Request.
  Time since last request: 78975.713992 seconds.
  path: Assets/Tile Map/tileset-sliced_35.asset
  artifactKey: Guid(ac341ba8d2756ef41ab8c857f1bebce6) Importer(815301076,1909f56bfc062723c751e8b465ee728b)
Start importing Assets/Tile Map/tileset-sliced_35.asset using Guid(ac341ba8d2756ef41ab8c857f1bebce6) Importer(815301076,1909f56bfc062723c751e8b465ee728b)  -> (artifact id: 'e91da57f73788dfaa12b2947ae1baaaf') in 0.082364 seconds
Number of updated asset objects reloaded before import = 0
Number of asset objects unloaded after import = 3
========================================================================
Received Import Request.
  Time since last request: 0.000034 seconds.
  path: Assets/Tile Map/tileset-sliced_3.asset
  artifactKey: Guid(829e73affa6bc8042b8d787346dd90b4) Importer(815301076,1909f56bfc062723c751e8b465ee728b)
Start importing Assets/Tile Map/tileset-sliced_3.asset using Guid(829e73affa6bc8042b8d787346dd90b4) Importer(815301076,1909f56bfc062723c751e8b465ee728b)  -> (artifact id: 'f9fad42cb198754cc00436f964d099b0') in 0.021065 seconds
Number of updated asset objects reloaded before import = 0
Number of asset objects unloaded after import = 3
========================================================================
Received Import Request.
  Time since last request: 0.000017 seconds.
  path: Assets/Tile Map/tileset-sliced_13.asset
  artifactKey: Guid(47ff80d42847e8146968e3b351c5e442) Importer(815301076,1909f56bfc062723c751e8b465ee728b)
Start importing Assets/Tile Map/tileset-sliced_13.asset using Guid(47ff80d42847e8146968e3b351c5e442) Importer(815301076,1909f56bfc062723c751e8b465ee728b)  -> (artifact id: '3e60cc69257fc6cf0841ed30a03eae63') in 0.017313 seconds
Number of updated asset objects reloaded before import = 0
Number of asset objects unloaded after import = 3
========================================================================
Received Import Request.
  Time since last request: 0.000022 seconds.
  path: Assets/Tile Map/tileset-sliced_8.asset
  artifactKey: Guid(b60d6ba87f3569a499eb46c7281b8017) Importer(815301076,1909f56bfc062723c751e8b465ee728b)
Start importing Assets/Tile Map/tileset-sliced_8.asset using Guid(b60d6ba87f3569a499eb46c7281b8017) Importer(815301076,1909f56bfc062723c751e8b465ee728b)  -> (artifact id: '5ce58847fc5b4413887ea179765cd2ca') in 0.016543 seconds
Number of updated asset objects reloaded before import = 0
Number of asset objects unloaded after import = 3
========================================================================
Received Import Request.
  Time since last request: 0.000022 seconds.
  path: Assets/Tile Map/tileset-sliced_11.asset
  artifactKey: Guid(6a416a6096677a2468341f2c87554187) Importer(815301076,1909f56bfc062723c751e8b465ee728b)
Start importing Assets/Tile Map/tileset-sliced_11.asset using Guid(6a416a6096677a2468341f2c87554187) Importer(815301076,1909f56bfc062723c751e8b465ee728b)  -> (artifact id: 'fc8d7b9597a9cb1fec1618189970e6b6') in 0.019450 seconds
Number of updated asset objects reloaded before import = 0
Number of asset objects unloaded after import = 3
========================================================================
Received Import Request.
  Time since last request: 0.000018 seconds.
  path: Assets/Tile Map/tileset-sliced_39.asset
  artifactKey: Guid(f02217c2521a84947ac97069a84dde3f) Importer(815301076,1909f56bfc062723c751e8b465ee728b)
Start importing Assets/Tile Map/tileset-sliced_39.asset using Guid(f02217c2521a84947ac97069a84dde3f) Importer(815301076,1909f56bfc062723c751e8b465ee728b)  -> (artifact id: '129edd3bfd230b6f1774a810082b9b06') in 0.015796 seconds
Number of updated asset objects reloaded before import = 0
Number of asset objects unloaded after import = 3
========================================================================
Received Import Request.
  Time since last request: 0.000017 seconds.
  path: Assets/Tile Map/tileset-sliced_16.asset
  artifactKey: Guid(c2a8af52e62ec224f9cde20e294d22e7) Importer(815301076,1909f56bfc062723c751e8b465ee728b)
Start importing Assets/Tile Map/tileset-sliced_16.asset using Guid(c2a8af52e62ec224f9cde20e294d22e7) Importer(815301076,1909f56bfc062723c751e8b465ee728b)  -> (artifact id: 'e4d4fdd838ce07f96914f106f41e089d') in 0.017891 seconds
Number of updated asset objects reloaded before import = 0
Number of asset objects unloaded after import = 3
========================================================================
Received Import Request.
  Time since last request: 0.000022 seconds.
  path: Assets/Tile Map/tileset-sliced_4.asset
  artifactKey: Guid(3b06d8ac13e7a0641bc46e3ad7eb6b0d) Importer(815301076,1909f56bfc062723c751e8b465ee728b)
Start importing Assets/Tile Map/tileset-sliced_4.asset using Guid(3b06d8ac13e7a0641bc46e3ad7eb6b0d) Importer(815301076,1909f56bfc062723c751e8b465ee728b)  -> (artifact id: '5d4c0c452e177669a8a9dee4dd5d50d8') in 0.021529 seconds
Number of updated asset objects reloaded before import = 0
Number of asset objects unloaded after import = 3
========================================================================
Received Import Request.
  Time since last request: 0.000018 seconds.
  path: Assets/Tile Map/tileset-sliced_12.asset
  artifactKey: Guid(f76ef1d810989a24d86dad0e024ab5ad) Importer(815301076,1909f56bfc062723c751e8b465ee728b)
Start importing Assets/Tile Map/tileset-sliced_12.asset using Guid(f76ef1d810989a24d86dad0e024ab5ad) Importer(815301076,1909f56bfc062723c751e8b465ee728b)  -> (artifact id: 'd2c9a5624abf3c0a19a9d4324cedad00') in 0.019553 seconds
Number of updated asset objects reloaded before import = 0
Number of asset objects unloaded after import = 3
========================================================================
Received Import Request.
  Time since last request: 0.000022 seconds.
  path: Assets/Tile Map/tileset-sliced_29.asset
  artifactKey: Guid(68176185a92570b45996035457ed849a) Importer(815301076,1909f56bfc062723c751e8b465ee728b)
Start importing Assets/Tile Map/tileset-sliced_29.asset using Guid(68176185a92570b45996035457ed849a) Importer(815301076,1909f56bfc062723c751e8b465ee728b)  -> (artifact id: '1d7e781f5ee050d910dab8912aa0c259') in 0.008797 seconds
Number of updated asset objects reloaded before import = 0
Number of asset objects unloaded after import = 3
========================================================================
Received Import Request.
  Time since last request: 0.000015 seconds.
  path: Assets/Tile Map/tileset-sliced_1.asset
  artifactKey: Guid(c87f37fa5de44df44ba6d6ef80ecfcd1) Importer(815301076,1909f56bfc062723c751e8b465ee728b)
Start importing Assets/Tile Map/tileset-sliced_1.asset using Guid(c87f37fa5de44df44ba6d6ef80ecfcd1) Importer(815301076,1909f56bfc062723c751e8b465ee728b)  -> (artifact id: '8008ea706518641c7f2f5cb926bba539') in 0.020002 seconds
Number of updated asset objects reloaded before import = 0
Number of asset objects unloaded after import = 3
========================================================================
Received Import Request.
  Time since last request: 0.000034 seconds.
  path: Assets/Tile Map/tileset-sliced_26.asset
  artifactKey: Guid(f36577e101792cb48b6ced3c2b698016) Importer(815301076,1909f56bfc062723c751e8b465ee728b)
Start importing Assets/Tile Map/tileset-sliced_26.asset using Guid(f36577e101792cb48b6ced3c2b698016) Importer(815301076,1909f56bfc062723c751e8b465ee728b)  -> (artifact id: 'd87d21497b76ee688da94f02aa900627') in 0.010551 seconds
Number of updated asset objects reloaded before import = 0
Number of asset objects unloaded after import = 3
========================================================================
Received Import Request.
  Time since last request: 0.000023 seconds.
  path: Assets/Tile Map/tileset-sliced_32.asset
  artifactKey: Guid(886cb99f4094c50408bbbca3b30e1fa5) Importer(815301076,1909f56bfc062723c751e8b465ee728b)
Start importing Assets/Tile Map/tileset-sliced_32.asset using Guid(886cb99f4094c50408bbbca3b30e1fa5) Importer(815301076,1909f56bfc062723c751e8b465ee728b)  -> (artifact id: '77a28e91475f4414246b4f6b26a25a5e') in 0.018656 seconds
Number of updated asset objects reloaded before import = 0
Number of asset objects unloaded after import = 3
========================================================================
Received Import Request.
  Time since last request: 0.000025 seconds.
  path: Assets/Tile Map/tileset-sliced_31.asset
  artifactKey: Guid(dffff285bafb08440b27cf4851b34abd) Importer(815301076,1909f56bfc062723c751e8b465ee728b)
Start importing Assets/Tile Map/tileset-sliced_31.asset using Guid(dffff285bafb08440b27cf4851b34abd) Importer(815301076,1909f56bfc062723c751e8b465ee728b)  -> (artifact id: '15c1b6da52eb89bb7bb1d8f98a222317') in 0.021402 seconds
Number of updated asset objects reloaded before import = 0
Number of asset objects unloaded after import = 3
========================================================================
Received Import Request.
  Time since last request: 0.000032 seconds.
  path: Assets/Tile Map/tileset-sliced_19.asset
  artifactKey: Guid(ca783a699eca3ec4a9cdb3268eace77f) Importer(815301076,1909f56bfc062723c751e8b465ee728b)
Start importing Assets/Tile Map/tileset-sliced_19.asset using Guid(ca783a699eca3ec4a9cdb3268eace77f) Importer(815301076,1909f56bfc062723c751e8b465ee728b)  -> (artifact id: '8538c98fad3762218a9c18b093e8a56b') in 0.021452 seconds
Number of updated asset objects reloaded before import = 0
Number of asset objects unloaded after import = 3
========================================================================
Received Import Request.
  Time since last request: 0.000024 seconds.
  path: Assets/Tile Map/tileset-sliced_21.asset
  artifactKey: Guid(2ef93436f72a5d244b65a62026fef2d0) Importer(815301076,1909f56bfc062723c751e8b465ee728b)
Start importing Assets/Tile Map/tileset-sliced_21.asset using Guid(2ef93436f72a5d244b65a62026fef2d0) Importer(815301076,1909f56bfc062723c751e8b465ee728b)  -> (artifact id: 'f4a97974945e499127216759848407b2') in 0.020396 seconds
Number of updated asset objects reloaded before import = 0
Number of asset objects unloaded after import = 3
========================================================================
Received Import Request.
  Time since last request: 0.000025 seconds.
  path: Assets/Tile Map/tileset-sliced_2.asset
  artifactKey: Guid(d76d40308cd46974aa204c4e6436327e) Importer(815301076,1909f56bfc062723c751e8b465ee728b)
Start importing Assets/Tile Map/tileset-sliced_2.asset using Guid(d76d40308cd46974aa204c4e6436327e) Importer(815301076,1909f56bfc062723c751e8b465ee728b)  -> (artifact id: '7c31f888f570c7db1271e91c60ea33e3') in 0.022326 seconds
Number of updated asset objects reloaded before import = 0
Number of asset objects unloaded after import = 3
========================================================================
Received Import Request.
  Time since last request: 0.000025 seconds.
  path: Assets/Tile Map/tileset-sliced_22.asset
  artifactKey: Guid(e7fe039b06fa6664495906473939c33a) Importer(815301076,1909f56bfc062723c751e8b465ee728b)
Start importing Assets/Tile Map/tileset-sliced_22.asset using Guid(e7fe039b06fa6664495906473939c33a) Importer(815301076,1909f56bfc062723c751e8b465ee728b)  -> (artifact id: '5e3e7a2fcbdfbe22051499d03b983464') in 0.016932 seconds
Number of updated asset objects reloaded before import = 0
Number of asset objects unloaded after import = 3
========================================================================
Received Import Request.
  Time since last request: 0.000026 seconds.
  path: Assets/Tile Map/tileset-sliced_15.asset
  artifactKey: Guid(afd65db20259cba49aa48fcfae8dc3e2) Importer(815301076,1909f56bfc062723c751e8b465ee728b)
Start importing Assets/Tile Map/tileset-sliced_15.asset using Guid(afd65db20259cba49aa48fcfae8dc3e2) Importer(815301076,1909f56bfc062723c751e8b465ee728b)  -> (artifact id: '88538490cab8f1f381f4e995dbce5332') in 0.021917 seconds
Number of updated asset objects reloaded before import = 0
Number of asset objects unloaded after import = 3
Editor requested this worker to shutdown with reason: Scaling down because of idle timeout
TcpMessagingSession - receive error: operation aborted. errorcode: 995, details: 스레드 종료 또는 응용 프로그램 요청 때문에 I/O 작업이 취소되었습니다.
AssetImportWorker is now disconnected from the server
Process exiting
Exiting without the bug reporter. Application will terminate with return code 0